{"/home/raramuri/Desktop/nodejs/app.ts": {"path":"/home/raramuri/Desktop/nodejs/app.ts","statementMap":{"0":{"start":{"line":1,"column":0},"end":{"line":1,"column":27}},"1":{"start":{"line":2,"column":0},"end":{"line":2,"column":52}},"2":{"start":{"line":3,"column":0},"end":{"line":3,"column":45}},"3":{"start":{"line":5,"column":0},"end":{"line":5,"column":33}},"4":{"start":{"line":6,"column":0},"end":{"line":6,"column":36}},"5":{"start":{"line":7,"column":0},"end":{"line":7,"column":29}},"6":{"start":{"line":8,"column":0},"end":{"line":8,"column":34}},"7":{"start":{"line":9,"column":0},"end":{"line":9,"column":43}},"8":{"start":{"line":10,"column":0},"end":{"line":10,"column":47}},"9":{"start":{"line":11,"column":0},"end":{"line":11,"column":47}},"10":{"start":{"line":12,"column":0},"end":{"line":12,"column":49}},"11":{"start":{"line":13,"column":47},"end":{"line":13,"column":56}},"12":{"start":{"line":19,"column":0},"end":{"line":19,"column":22}},"13":{"start":{"line":20,"column":0},"end":{"line":20,"column":16}},"14":{"start":{"line":21,"column":0},"end":{"line":33,"column":2}},"15":{"start":{"line":24,"column":32},"end":{"line":32,"column":null}},"16":{"start":{"line":27,"column":12},"end":{"line":27,"column":25}},"17":{"start":{"line":29,"column":12},"end":{"line":29,"column":29}},"18":{"start":{"line":30,"column":12},"end":{"line":30,"column":32}},"19":{"start":{"line":34,"column":0},"end":{"line":34,"column":30}},"20":{"start":{"line":35,"column":0},"end":{"line":80,"column":2}},"21":{"start":{"line":38,"column":32},"end":{"line":79,"column":null}},"22":{"start":{"line":41,"column":12},"end":{"line":41,"column":15}},"23":{"start":{"line":45,"column":12},"end":{"line":45,"column":25}},"24":{"start":{"line":47,"column":16},"end":{"line":47,"column":55}},"25":{"start":{"line":48,"column":12},"end":{"line":58,"column":null}},"26":{"start":{"line":49,"column":20},"end":{"line":49,"column":45}},"27":{"start":{"line":50,"column":16},"end":{"line":50,"column":53}},"28":{"start":{"line":51,"column":16},"end":{"line":51,"column":50}},"29":{"start":{"line":52,"column":16},"end":{"line":52,"column":33}},"30":{"start":{"line":53,"column":16},"end":{"line":56,"column":18}},"31":{"start":{"line":57,"column":16},"end":{"line":57,"column":31}},"32":{"start":{"line":60,"column":16},"end":{"line":60,"column":48}},"33":{"start":{"line":61,"column":16},"end":{"line":61,"column":73}},"34":{"start":{"line":62,"column":16},"end":{"line":62,"column":43}},"35":{"start":{"line":63,"column":16},"end":{"line":63,"column":43}},"36":{"start":{"line":64,"column":16},"end":{"line":64,"column":24}},"37":{"start":{"line":65,"column":16},"end":{"line":65,"column":29}},"38":{"start":{"line":67,"column":20},"end":{"line":67,"column":45}},"39":{"start":{"line":68,"column":16},"end":{"line":68,"column":53}},"40":{"start":{"line":69,"column":16},"end":{"line":69,"column":59}},"41":{"start":{"line":70,"column":16},"end":{"line":70,"column":33}},"42":{"start":{"line":71,"column":16},"end":{"line":74,"column":18}},"43":{"start":{"line":76,"column":16},"end":{"line":76,"column":31}},"44":{"start":{"line":81,"column":0},"end":{"line":81,"column":20}},"45":{"start":{"line":82,"column":0},"end":{"line":82,"column":48}},"46":{"start":{"line":83,"column":0},"end":{"line":86,"column":3}},"47":{"start":{"line":88,"column":0},"end":{"line":88,"column":50}},"48":{"start":{"line":89,"column":0},"end":{"line":89,"column":54}},"49":{"start":{"line":90,"column":0},"end":{"line":90,"column":56}},"50":{"start":{"line":91,"column":0},"end":{"line":102,"column":2}},"51":{"start":{"line":94,"column":32},"end":{"line":101,"column":null}},"52":{"start":{"line":96,"column":12},"end":{"line":96,"column":15}},"53":{"start":{"line":97,"column":12},"end":{"line":97,"column":38}},"54":{"start":{"line":99,"column":12},"end":{"line":99,"column":25}},"55":{"start":{"line":103,"column":0},"end":{"line":103,"column":56}},"56":{"start":{"line":104,"column":15},"end":{"line":106,"column":2}},"57":{"start":{"line":105,"column":4},"end":{"line":105,"column":45}},"58":{"start":{"line":107,"column":0},"end":{"line":107,"column":22}}},"fnMap":{"0":{"name":"(anonymous_13)","decl":{"start":{"line":22,"column":4},"end":{"line":22,"column":null}},"loc":{"start":{"line":24,"column":32},"end":{"line":32,"column":null}}},"1":{"name":"(anonymous_14)","decl":{"start":{"line":24,"column":32},"end":{"line":24,"column":null}},"loc":{"start":{"line":24,"column":32},"end":{"line":32,"column":null}}},"2":{"name":"(anonymous_16)","decl":{"start":{"line":36,"column":4},"end":{"line":36,"column":null}},"loc":{"start":{"line":38,"column":32},"end":{"line":79,"column":null}}},"3":{"name":"(anonymous_17)","decl":{"start":{"line":38,"column":32},"end":{"line":38,"column":null}},"loc":{"start":{"line":38,"column":32},"end":{"line":79,"column":null}}},"4":{"name":"(anonymous_19)","decl":{"start":{"line":92,"column":4},"end":{"line":92,"column":null}},"loc":{"start":{"line":94,"column":32},"end":{"line":101,"column":null}}},"5":{"name":"(anonymous_20)","decl":{"start":{"line":94,"column":32},"end":{"line":94,"column":null}},"loc":{"start":{"line":94,"column":32},"end":{"line":101,"column":null}}},"6":{"name":"(anonymous_22)","decl":{"start":{"line":104,"column":48},"end":{"line":104,"column":null}},"loc":{"start":{"line":104,"column":48},"end":{"line":106,"column":1}}}},"branchMap":{"0":{"loc":{"start":{"line":41,"column":12},"end":{"line":41,"column":15}},"type":"if","locations":[{"start":{"line":41,"column":12},"end":{"line":41,"column":15}},{"start":{"line":41,"column":12},"end":{"line":41,"column":15}}]},"1":{"loc":{"start":{"line":41,"column":12},"end":{"line":41,"column":28}},"type":"binary-expr","locations":[{"start":{"line":41,"column":12},"end":{"line":41,"column":28}},{"start":{"line":42,"column":12},"end":{"line":42,"column":34}},{"start":{"line":43,"column":12},"end":{"line":43,"column":38}}]},"2":{"loc":{"start":{"line":48,"column":12},"end":{"line":58,"column":null}},"type":"if","locations":[{"start":{"line":48,"column":12},"end":{"line":58,"column":null}},{"start":{"line":48,"column":12},"end":{"line":58,"column":null}}]},"3":{"loc":{"start":{"line":64,"column":16},"end":{"line":64,"column":24}},"type":"if","locations":[{"start":{"line":64,"column":16},"end":{"line":64,"column":24}},{"start":{"line":64,"column":16},"end":{"line":64,"column":24}}]},"4":{"loc":{"start":{"line":64,"column":16},"end":{"line":64,"column":36}},"type":"binary-expr","locations":[{"start":{"line":64,"column":16},"end":{"line":64,"column":36}},{"start":{"line":64,"column":40},"end":{"line":64,"column":58}}]},"5":{"loc":{"start":{"line":99,"column":12},"end":{"line":99,"column":25}},"type":"switch","locations":[{"start":{"line":99,"column":12},"end":{"line":99,"column":25}}]},"6":{"loc":{"start":{"line":96,"column":12},"end":{"line":96,"column":15}},"type":"if","locations":[{"start":{"line":96,"column":12},"end":{"line":96,"column":15}},{"start":{"line":96,"column":12},"end":{"line":96,"column":15}}]}},"s":{"0":1,"1":1,"2":1,"3":1,"4":1,"5":1,"6":1,"7":1,"8":1,"9":1,"10":1,"11":1,"12":1,"13":1,"14":1,"15":12,"16":24,"17":2,"18":2,"19":1,"20":1,"21":12,"22":22,"23":4,"24":10,"25":10,"26":1,"27":1,"28":1,"29":1,"30":1,"31":1,"32":9,"33":9,"34":9,"35":9,"36":10,"37":16,"38":1,"39":1,"40":1,"41":1,"42":1,"43":1,"44":1,"45":1,"46":1,"47":1,"48":1,"49":1,"50":1,"51":10,"52":19,"53":1,"54":18,"55":1,"56":1,"57":12,"58":1},"f":{"0":12,"1":12,"2":12,"3":12,"4":10,"5":10,"6":12},"b":{"0":[10,2],"1":[12,11,10],"2":[1,9],"3":[1,8],"4":[9,9],"5":[9],"6":[9,1]}}
,"/home/raramuri/Desktop/nodejs/config/winston.ts": {"path":"/home/raramuri/Desktop/nodejs/config/winston.ts","statementMap":{"0":{"start":{"line":1,"column":0},"end":{"line":1,"column":35}},"1":{"start":{"line":4,"column":0},"end":{"line":4,"column":null}},"2":{"start":{"line":5,"column":4},"end":{"line":5,"column":null}},"3":{"start":{"line":6,"column":4},"end":{"line":6,"column":null}},"4":{"start":{"line":7,"column":4},"end":{"line":7,"column":null}},"5":{"start":{"line":8,"column":4},"end":{"line":8,"column":null}},"6":{"start":{"line":9,"column":4},"end":{"line":9,"column":null}},"7":{"start":{"line":24,"column":0},"end":{"line":24,"column":null}},"8":{"start":{"line":34,"column":4},"end":{"line":34,"column":16}},"9":{"start":{"line":47,"column":4},"end":{"line":50,"column":6}},"10":{"start":{"line":48,"column":35},"end":{"line":48,"column":46}},"11":{"start":{"line":48,"column":30},"end":{"line":48,"column":35}},"12":{"start":{"line":49,"column":8},"end":{"line":49,"column":41}},"13":{"start":{"line":35,"column":8},"end":{"line":44,"column":11}},"14":{"start":{"line":28,"column":18},"end":{"line":32,"column":null}},"15":{"start":{"line":29,"column":8},"end":{"line":29,"column":62}},"16":{"start":{"line":29,"column":41},"end":{"line":29,"column":62}},"17":{"start":{"line":30,"column":8},"end":{"line":30,"column":51}},"18":{"start":{"line":31,"column":8},"end":{"line":31,"column":29}},"19":{"start":{"line":27,"column":18},"end":{"line":27,"column":66}},"20":{"start":{"line":51,"column":0},"end":{"line":51,"column":null}},"21":{"start":{"line":53,"column":28},"end":{"line":53,"column":54}},"22":{"start":{"line":55,"column":29},"end":{"line":86,"column":2}},"23":{"start":{"line":57,"column":28},"end":{"line":86,"column":2}},"24":{"start":{"line":60,"column":14},"end":{"line":60,"column":42}},"25":{"start":{"line":61,"column":8},"end":{"line":61,"column":21}},"26":{"start":{"line":62,"column":14},"end":{"line":62,"column":43}},"27":{"start":{"line":63,"column":14},"end":{"line":63,"column":58}},"28":{"start":{"line":64,"column":8},"end":{"line":71,"column":11}},"29":{"start":{"line":73,"column":14},"end":{"line":73,"column":42}},"30":{"start":{"line":74,"column":14},"end":{"line":74,"column":43}},"31":{"start":{"line":75,"column":14},"end":{"line":75,"column":58}},"32":{"start":{"line":76,"column":8},"end":{"line":83,"column":11}},"33":{"start":{"line":84,"column":8},"end":{"line":84,"column":23}},"34":{"start":{"line":88,"column":0},"end":{"line":88,"column":36}}},"fnMap":{"0":{"name":"(anonymous_14)","decl":{"start":{"line":4,"column":0},"end":{"line":4,"column":5}},"loc":{"start":{"line":4,"column":13},"end":{"line":10,"column":1}}},"1":{"name":"(anonymous_15)","decl":{"start":{"line":24,"column":0},"end":{"line":24,"column":null}},"loc":{"start":{"line":24,"column":0},"end":{"line":24,"column":null}}},"2":{"name":"WinstonLogger","decl":{"start":{"line":34,"column":4},"end":{"line":34,"column":16}},"loc":{"start":{"line":34,"column":41},"end":{"line":45,"column":5}}},"3":{"name":"(anonymous_17)","decl":{"start":{"line":47,"column":10},"end":{"line":47,"column":11}},"loc":{"start":{"line":47,"column":36},"end":{"line":50,"column":5}}},"4":{"name":"(anonymous_18)","decl":{"start":{"line":28,"column":4},"end":{"line":28,"column":18}},"loc":{"start":{"line":28,"column":4},"end":{"line":32,"column":5}}},"5":{"name":"(anonymous_19)","decl":{"start":{"line":55,"column":29},"end":{"line":55,"column":null}},"loc":{"start":{"line":57,"column":28},"end":{"line":86,"column":2}}},"6":{"name":"(anonymous_20)","decl":{"start":{"line":57,"column":28},"end":{"line":57,"column":null}},"loc":{"start":{"line":57,"column":28},"end":{"line":86,"column":2}}}},"branchMap":{"0":{"loc":{"start":{"line":4,"column":5},"end":{"line":4,"column":13}},"type":"binary-expr","locations":[{"start":{"line":4,"column":5},"end":{"line":4,"column":13}},{"start":{"line":4,"column":5},"end":{"line":4,"column":null}}]},"1":{"loc":{"start":{"line":29,"column":8},"end":{"line":29,"column":62}},"type":"if","locations":[{"start":{"line":29,"column":8},"end":{"line":29,"column":62}},{"start":{"line":29,"column":8},"end":{"line":29,"column":62}}]}},"s":{"0":1,"1":1,"2":1,"3":1,"4":1,"5":1,"6":1,"7":1,"8":1,"9":1,"10":12,"11":12,"12":12,"13":1,"14":1,"15":0,"16":0,"17":0,"18":0,"19":1,"20":1,"21":1,"22":1,"23":12,"24":12,"25":24,"26":10,"27":10,"28":10,"29":2,"30":2,"31":2,"32":2,"33":2,"34":1},"f":{"0":1,"1":1,"2":1,"3":12,"4":0,"5":12,"6":12},"b":{"0":[1,1],"1":[0,0]}}
,"/home/raramuri/Desktop/nodejs/typescriptRoutes/home.ts": {"path":"/home/raramuri/Desktop/nodejs/typescriptRoutes/home.ts","statementMap":{"0":{"start":{"line":1,"column":0},"end":{"line":1,"column":37}},"1":{"start":{"line":2,"column":0},"end":{"line":2,"column":44}},"2":{"start":{"line":7,"column":0},"end":{"line":7,"column":null}},"3":{"start":{"line":18,"column":4},"end":{"line":22,"column":6}},"4":{"start":{"line":19,"column":8},"end":{"line":21,"column":10}},"5":{"start":{"line":10,"column":18},"end":{"line":14,"column":null}},"6":{"start":{"line":11,"column":8},"end":{"line":11,"column":62}},"7":{"start":{"line":11,"column":41},"end":{"line":11,"column":62}},"8":{"start":{"line":12,"column":8},"end":{"line":12,"column":35}},"9":{"start":{"line":13,"column":8},"end":{"line":13,"column":29}},"10":{"start":{"line":8,"column":18},"end":{"line":8,"column":57}},"11":{"start":{"line":23,"column":0},"end":{"line":23,"column":null}},"12":{"start":{"line":24,"column":15},"end":{"line":24,"column":27}},"13":{"start":{"line":26,"column":21},"end":{"line":26,"column":31}},"14":{"start":{"line":30,"column":71},"end":{"line":36,"column":2}},"15":{"start":{"line":37,"column":0},"end":{"line":40,"column":null}},"16":{"start":{"line":37,"column":17},"end":{"line":37,"column":23}},"17":{"start":{"line":37,"column":13},"end":{"line":37,"column":17}},"18":{"start":{"line":38,"column":36},"end":{"line":38,"column":41}},"19":{"start":{"line":39,"column":4},"end":{"line":39,"column":56}},"20":{"start":{"line":41,"column":0},"end":{"line":41,"column":22}}},"fnMap":{"0":{"name":"(anonymous_0)","decl":{"start":{"line":7,"column":0},"end":{"line":7,"column":null}},"loc":{"start":{"line":7,"column":0},"end":{"line":7,"column":null}}},"1":{"name":"Home","decl":{"start":{"line":16,"column":4},"end":{"line":16,"column":19}},"loc":{"start":{"line":16,"column":4},"end":{"line":16,"column":20}}},"2":{"name":"(anonymous_2)","decl":{"start":{"line":18,"column":15},"end":{"line":18,"column":null}},"loc":{"start":{"line":18,"column":15},"end":{"line":22,"column":5}}},"3":{"name":"(anonymous_3)","decl":{"start":{"line":10,"column":4},"end":{"line":10,"column":18}},"loc":{"start":{"line":10,"column":4},"end":{"line":14,"column":5}}}},"branchMap":{"0":{"loc":{"start":{"line":11,"column":8},"end":{"line":11,"column":62}},"type":"if","locations":[{"start":{"line":11,"column":8},"end":{"line":11,"column":62}},{"start":{"line":11,"column":8},"end":{"line":11,"column":62}}]}},"s":{"0":1,"1":1,"2":1,"3":1,"4":1,"5":1,"6":0,"7":0,"8":0,"9":0,"10":1,"11":1,"12":1,"13":1,"14":1,"15":1,"16":2,"17":1,"18":3,"19":1,"20":1},"f":{"0":1,"1":1,"2":1,"3":0},"b":{"0":[0,0]}}
,"/home/raramuri/Desktop/nodejs/typescriptRoutes/routerHandler.ts": {"path":"/home/raramuri/Desktop/nodejs/typescriptRoutes/routerHandler.ts","statementMap":{"0":{"start":{"line":3,"column":0},"end":{"line":3,"column":9}},"1":{"start":{"line":4,"column":4},"end":{"line":26,"column":6}},"2":{"start":{"line":6,"column":32},"end":{"line":26,"column":6}},"3":{"start":{"line":9,"column":12},"end":{"line":9,"column":25}},"4":{"start":{"line":10,"column":29},"end":{"line":10,"column":null}},"5":{"start":{"line":10,"column":18},"end":{"line":10,"column":null}},"6":{"start":{"line":11,"column":12},"end":{"line":11,"column":29}},"7":{"start":{"line":12,"column":12},"end":{"line":21,"column":null}},"8":{"start":{"line":16,"column":16},"end":{"line":16,"column":38}},"9":{"start":{"line":17,"column":19},"end":{"line":21,"column":null}},"10":{"start":{"line":18,"column":16},"end":{"line":18,"column":32}},"11":{"start":{"line":20,"column":16},"end":{"line":20,"column":36}},"12":{"start":{"line":23,"column":29},"end":{"line":23,"column":null}},"13":{"start":{"line":23,"column":18},"end":{"line":23,"column":null}},"14":{"start":{"line":24,"column":12},"end":{"line":24,"column":32}},"15":{"start":{"line":28,"column":0},"end":{"line":28,"column":29}}},"fnMap":{"0":{"name":"routerHandler","decl":{"start":{"line":3,"column":9},"end":{"line":3,"column":22}},"loc":{"start":{"line":3,"column":38},"end":{"line":27,"column":1}}},"1":{"name":"(anonymous_14)","decl":{"start":{"line":4,"column":11},"end":{"line":4,"column":null}},"loc":{"start":{"line":6,"column":32},"end":{"line":26,"column":6}}},"2":{"name":"(anonymous_15)","decl":{"start":{"line":6,"column":32},"end":{"line":6,"column":null}},"loc":{"start":{"line":6,"column":32},"end":{"line":26,"column":6}}}},"branchMap":{"0":{"loc":{"start":{"line":12,"column":12},"end":{"line":21,"column":null}},"type":"if","locations":[{"start":{"line":12,"column":12},"end":{"line":21,"column":null}},{"start":{"line":12,"column":12},"end":{"line":21,"column":null}}]},"1":{"loc":{"start":{"line":13,"column":16},"end":{"line":13,"column":43}},"type":"binary-expr","locations":[{"start":{"line":13,"column":16},"end":{"line":13,"column":43}},{"start":{"line":14,"column":17},"end":{"line":14,"column":37}},{"start":{"line":14,"column":41},"end":{"line":14,"column":62}}]},"2":{"loc":{"start":{"line":17,"column":19},"end":{"line":21,"column":null}},"type":"if","locations":[{"start":{"line":17,"column":19},"end":{"line":21,"column":null}},{"start":{"line":17,"column":19},"end":{"line":21,"column":null}}]},"3":{"loc":{"start":{"line":17,"column":23},"end":{"line":17,"column":43}},"type":"binary-expr","locations":[{"start":{"line":17,"column":23},"end":{"line":17,"column":43}},{"start":{"line":17,"column":47},"end":{"line":17,"column":67}}]}},"s":{"0":9,"1":9,"2":10,"3":20,"4":9,"5":9,"6":9,"7":9,"8":3,"9":6,"10":1,"11":5,"12":1,"13":1,"14":1,"15":1},"f":{"0":9,"1":10,"2":10},"b":{"0":[3,6],"1":[9,8,3],"2":[1,5],"3":[6,1]}}
,"/home/raramuri/Desktop/nodejs/typescriptRoutes/signUp.ts": {"path":"/home/raramuri/Desktop/nodejs/typescriptRoutes/signUp.ts","statementMap":{"0":{"start":{"line":1,"column":0},"end":{"line":1,"column":37}},"1":{"start":{"line":2,"column":0},"end":{"line":2,"column":44}},"2":{"start":{"line":8,"column":0},"end":{"line":8,"column":null}},"3":{"start":{"line":18,"column":4},"end":{"line":20,"column":6}},"4":{"start":{"line":19,"column":8},"end":{"line":19,"column":38}},"5":{"start":{"line":11,"column":18},"end":{"line":15,"column":null}},"6":{"start":{"line":12,"column":8},"end":{"line":12,"column":62}},"7":{"start":{"line":12,"column":41},"end":{"line":12,"column":62}},"8":{"start":{"line":13,"column":8},"end":{"line":13,"column":37}},"9":{"start":{"line":14,"column":8},"end":{"line":14,"column":29}},"10":{"start":{"line":9,"column":18},"end":{"line":9,"column":59}},"11":{"start":{"line":21,"column":0},"end":{"line":21,"column":null}},"12":{"start":{"line":23,"column":15},"end":{"line":23,"column":27}},"13":{"start":{"line":25,"column":23},"end":{"line":25,"column":35}},"14":{"start":{"line":29,"column":71},"end":{"line":35,"column":2}},"15":{"start":{"line":36,"column":0},"end":{"line":39,"column":null}},"16":{"start":{"line":36,"column":17},"end":{"line":36,"column":23}},"17":{"start":{"line":36,"column":13},"end":{"line":36,"column":17}},"18":{"start":{"line":37,"column":36},"end":{"line":37,"column":41}},"19":{"start":{"line":38,"column":4},"end":{"line":38,"column":56}},"20":{"start":{"line":40,"column":0},"end":{"line":40,"column":22}}},"fnMap":{"0":{"name":"(anonymous_0)","decl":{"start":{"line":8,"column":0},"end":{"line":8,"column":null}},"loc":{"start":{"line":8,"column":0},"end":{"line":8,"column":null}}},"1":{"name":"SignUp","decl":{"start":{"line":16,"column":4},"end":{"line":16,"column":19}},"loc":{"start":{"line":16,"column":4},"end":{"line":16,"column":20}}},"2":{"name":"(anonymous_2)","decl":{"start":{"line":18,"column":17},"end":{"line":18,"column":null}},"loc":{"start":{"line":18,"column":17},"end":{"line":20,"column":5}}},"3":{"name":"(anonymous_3)","decl":{"start":{"line":11,"column":4},"end":{"line":11,"column":18}},"loc":{"start":{"line":11,"column":4},"end":{"line":15,"column":5}}}},"branchMap":{"0":{"loc":{"start":{"line":12,"column":8},"end":{"line":12,"column":62}},"type":"if","locations":[{"start":{"line":12,"column":8},"end":{"line":12,"column":62}},{"start":{"line":12,"column":8},"end":{"line":12,"column":62}}]}},"s":{"0":1,"1":1,"2":1,"3":1,"4":1,"5":1,"6":0,"7":0,"8":0,"9":0,"10":1,"11":1,"12":1,"13":1,"14":1,"15":1,"16":2,"17":1,"18":3,"19":1,"20":1},"f":{"0":1,"1":1,"2":1,"3":0},"b":{"0":[0,0]}}
,"/home/raramuri/Desktop/nodejs/typescriptRoutes/task1.ts": {"path":"/home/raramuri/Desktop/nodejs/typescriptRoutes/task1.ts","statementMap":{"0":{"start":{"line":2,"column":0},"end":{"line":2,"column":37}},"1":{"start":{"line":3,"column":0},"end":{"line":3,"column":44}},"2":{"start":{"line":16,"column":0},"end":{"line":16,"column":null}},"3":{"start":{"line":25,"column":4},"end":{"line":27,"column":6}},"4":{"start":{"line":26,"column":8},"end":{"line":26,"column":23}},"5":{"start":{"line":28,"column":4},"end":{"line":32,"column":6}},"6":{"start":{"line":31,"column":8},"end":{"line":31,"column":32}},"7":{"start":{"line":33,"column":4},"end":{"line":37,"column":6}},"8":{"start":{"line":36,"column":8},"end":{"line":36,"column":39}},"9":{"start":{"line":38,"column":4},"end":{"line":45,"column":6}},"10":{"start":{"line":39,"column":8},"end":{"line":44,"column":10}},"11":{"start":{"line":18,"column":18},"end":{"line":22,"column":null}},"12":{"start":{"line":19,"column":8},"end":{"line":19,"column":62}},"13":{"start":{"line":19,"column":41},"end":{"line":19,"column":62}},"14":{"start":{"line":20,"column":8},"end":{"line":20,"column":38}},"15":{"start":{"line":21,"column":8},"end":{"line":21,"column":29}},"16":{"start":{"line":17,"column":18},"end":{"line":17,"column":60}},"17":{"start":{"line":46,"column":0},"end":{"line":46,"column":null}},"18":{"start":{"line":48,"column":15},"end":{"line":48,"column":27}},"19":{"start":{"line":49,"column":24},"end":{"line":49,"column":37}},"20":{"start":{"line":52,"column":71},"end":{"line":73,"column":2}},"21":{"start":{"line":74,"column":0},"end":{"line":77,"column":null}},"22":{"start":{"line":74,"column":17},"end":{"line":74,"column":23}},"23":{"start":{"line":74,"column":13},"end":{"line":74,"column":17}},"24":{"start":{"line":75,"column":36},"end":{"line":75,"column":41}},"25":{"start":{"line":76,"column":4},"end":{"line":76,"column":56}},"26":{"start":{"line":78,"column":0},"end":{"line":78,"column":22}}},"fnMap":{"0":{"name":"(anonymous_0)","decl":{"start":{"line":16,"column":0},"end":{"line":16,"column":null}},"loc":{"start":{"line":16,"column":0},"end":{"line":16,"column":null}}},"1":{"name":"TaskOne","decl":{"start":{"line":23,"column":4},"end":{"line":23,"column":19}},"loc":{"start":{"line":23,"column":4},"end":{"line":23,"column":20}}},"2":{"name":"(anonymous_2)","decl":{"start":{"line":25,"column":15},"end":{"line":25,"column":null}},"loc":{"start":{"line":25,"column":15},"end":{"line":27,"column":5}}},"3":{"name":"(anonymous_3)","decl":{"start":{"line":28,"column":19},"end":{"line":28,"column":null}},"loc":{"start":{"line":29,"column":63},"end":{"line":32,"column":5}}},"4":{"name":"(anonymous_4)","decl":{"start":{"line":33,"column":20},"end":{"line":33,"column":null}},"loc":{"start":{"line":34,"column":63},"end":{"line":37,"column":5}}},"5":{"name":"(anonymous_5)","decl":{"start":{"line":38,"column":15},"end":{"line":38,"column":null}},"loc":{"start":{"line":38,"column":15},"end":{"line":45,"column":5}}},"6":{"name":"(anonymous_6)","decl":{"start":{"line":18,"column":4},"end":{"line":18,"column":18}},"loc":{"start":{"line":18,"column":4},"end":{"line":22,"column":5}}}},"branchMap":{"0":{"loc":{"start":{"line":19,"column":8},"end":{"line":19,"column":62}},"type":"if","locations":[{"start":{"line":19,"column":8},"end":{"line":19,"column":62}},{"start":{"line":19,"column":8},"end":{"line":19,"column":62}}]}},"s":{"0":1,"1":1,"2":1,"3":1,"4":1,"5":1,"6":1,"7":1,"8":1,"9":1,"10":1,"11":1,"12":0,"13":0,"14":0,"15":0,"16":1,"17":1,"18":1,"19":1,"20":1,"21":1,"22":2,"23":4,"24":12,"25":4,"26":1},"f":{"0":1,"1":1,"2":1,"3":1,"4":1,"5":1,"6":0},"b":{"0":[0,0]}}
,"/home/raramuri/Desktop/nodejs/typescriptRoutes/todoApp.ts": {"path":"/home/raramuri/Desktop/nodejs/typescriptRoutes/todoApp.ts","statementMap":{"0":{"start":{"line":2,"column":0},"end":{"line":2,"column":37}},"1":{"start":{"line":3,"column":0},"end":{"line":3,"column":44}},"2":{"start":{"line":15,"column":48},"end":{"line":15,"column":50}},"3":{"start":{"line":17,"column":0},"end":{"line":17,"column":null}},"4":{"start":{"line":25,"column":4},"end":{"line":25,"column":19}},"5":{"start":{"line":26,"column":4},"end":{"line":32,"column":6}},"6":{"start":{"line":27,"column":63},"end":{"line":32,"column":6}},"7":{"start":{"line":29,"column":15},"end":{"line":31,"column":11}},"8":{"start":{"line":29,"column":8},"end":{"line":31,"column":11}},"9":{"start":{"line":33,"column":4},"end":{"line":45,"column":6}},"10":{"start":{"line":36,"column":29},"end":{"line":36,"column":49}},"11":{"start":{"line":37,"column":27},"end":{"line":37,"column":37}},"12":{"start":{"line":38,"column":25},"end":{"line":41,"column":10}},"13":{"start":{"line":42,"column":8},"end":{"line":44,"column":null}},"14":{"start":{"line":43,"column":12},"end":{"line":43,"column":32}},"15":{"start":{"line":46,"column":4},"end":{"line":51,"column":6}},"16":{"start":{"line":49,"column":24},"end":{"line":49,"column":44}},"17":{"start":{"line":50,"column":8},"end":{"line":50,"column":63}},"18":{"start":{"line":50,"column":37},"end":{"line":50,"column":62}},"19":{"start":{"line":19,"column":18},"end":{"line":23,"column":null}},"20":{"start":{"line":20,"column":8},"end":{"line":20,"column":62}},"21":{"start":{"line":20,"column":41},"end":{"line":20,"column":62}},"22":{"start":{"line":21,"column":8},"end":{"line":21,"column":38}},"23":{"start":{"line":22,"column":8},"end":{"line":22,"column":29}},"24":{"start":{"line":18,"column":18},"end":{"line":18,"column":60}},"25":{"start":{"line":52,"column":0},"end":{"line":52,"column":null}},"26":{"start":{"line":53,"column":15},"end":{"line":53,"column":27}},"27":{"start":{"line":55,"column":24},"end":{"line":55,"column":37}},"28":{"start":{"line":58,"column":71},"end":{"line":74,"column":2}},"29":{"start":{"line":75,"column":0},"end":{"line":78,"column":null}},"30":{"start":{"line":75,"column":17},"end":{"line":75,"column":23}},"31":{"start":{"line":75,"column":13},"end":{"line":75,"column":17}},"32":{"start":{"line":76,"column":36},"end":{"line":76,"column":41}},"33":{"start":{"line":77,"column":4},"end":{"line":77,"column":56}},"34":{"start":{"line":79,"column":0},"end":{"line":79,"column":22}}},"fnMap":{"0":{"name":"(anonymous_13)","decl":{"start":{"line":17,"column":0},"end":{"line":17,"column":null}},"loc":{"start":{"line":17,"column":0},"end":{"line":17,"column":null}}},"1":{"name":"TodoApp","decl":{"start":{"line":25,"column":4},"end":{"line":25,"column":19}},"loc":{"start":{"line":25,"column":4},"end":{"line":25,"column":20}}},"2":{"name":"(anonymous_15)","decl":{"start":{"line":26,"column":18},"end":{"line":26,"column":null}},"loc":{"start":{"line":27,"column":63},"end":{"line":32,"column":6}}},"3":{"name":"(anonymous_16)","decl":{"start":{"line":27,"column":63},"end":{"line":27,"column":null}},"loc":{"start":{"line":27,"column":63},"end":{"line":32,"column":6}}},"4":{"name":"(anonymous_18)","decl":{"start":{"line":33,"column":19},"end":{"line":33,"column":null}},"loc":{"start":{"line":34,"column":63},"end":{"line":45,"column":5}}},"5":{"name":"(anonymous_19)","decl":{"start":{"line":46,"column":21},"end":{"line":46,"column":null}},"loc":{"start":{"line":47,"column":63},"end":{"line":51,"column":5}}},"6":{"name":"(anonymous_20)","decl":{"start":{"line":50,"column":27},"end":{"line":50,"column":28}},"loc":{"start":{"line":50,"column":32},"end":{"line":50,"column":41}}},"7":{"name":"(anonymous_21)","decl":{"start":{"line":19,"column":4},"end":{"line":19,"column":18}},"loc":{"start":{"line":19,"column":4},"end":{"line":23,"column":5}}}},"branchMap":{"0":{"loc":{"start":{"line":29,"column":15},"end":{"line":31,"column":11}},"type":"switch","locations":[{"start":{"line":29,"column":15},"end":{"line":31,"column":11}},{"start":{"line":29,"column":8},"end":{"line":31,"column":11}}]},"1":{"loc":{"start":{"line":42,"column":8},"end":{"line":44,"column":null}},"type":"if","locations":[{"start":{"line":42,"column":8},"end":{"line":44,"column":null}},{"start":{"line":42,"column":8},"end":{"line":44,"column":null}}]},"2":{"loc":{"start":{"line":20,"column":8},"end":{"line":20,"column":62}},"type":"if","locations":[{"start":{"line":20,"column":8},"end":{"line":20,"column":62}},{"start":{"line":20,"column":8},"end":{"line":20,"column":62}}]}},"s":{"0":1,"1":1,"2":1,"3":1,"4":1,"5":1,"6":1,"7":1,"8":1,"9":1,"10":2,"11":2,"12":2,"13":2,"14":1,"15":1,"16":1,"17":1,"18":1,"19":1,"20":0,"21":0,"22":0,"23":0,"24":1,"25":1,"26":1,"27":1,"28":1,"29":1,"30":2,"31":3,"32":9,"33":3,"34":1},"f":{"0":1,"1":1,"2":1,"3":1,"4":2,"5":1,"6":1,"7":0},"b":{"0":[1,1],"1":[1,1],"2":[0,0]}}
}
