{"/home/raramuri/Desktop/nodejs/app.ts": {"path":"/home/raramuri/Desktop/nodejs/app.ts","statementMap":{"0":{"start":{"line":1,"column":0},"end":{"line":1,"column":27}},"1":{"start":{"line":2,"column":0},"end":{"line":2,"column":45}},"2":{"start":{"line":4,"column":0},"end":{"line":4,"column":33}},"3":{"start":{"line":5,"column":0},"end":{"line":5,"column":36}},"4":{"start":{"line":6,"column":0},"end":{"line":6,"column":29}},"5":{"start":{"line":7,"column":0},"end":{"line":7,"column":34}},"6":{"start":{"line":8,"column":0},"end":{"line":8,"column":43}},"7":{"start":{"line":9,"column":0},"end":{"line":9,"column":47}},"8":{"start":{"line":10,"column":0},"end":{"line":10,"column":47}},"9":{"start":{"line":11,"column":0},"end":{"line":11,"column":49}},"10":{"start":{"line":12,"column":47},"end":{"line":12,"column":56}},"11":{"start":{"line":17,"column":0},"end":{"line":17,"column":22}},"12":{"start":{"line":18,"column":0},"end":{"line":18,"column":16}},"13":{"start":{"line":19,"column":0},"end":{"line":30,"column":2}},"14":{"start":{"line":22,"column":32},"end":{"line":29,"column":null}},"15":{"start":{"line":25,"column":12},"end":{"line":25,"column":25}},"16":{"start":{"line":27,"column":12},"end":{"line":27,"column":27}},"17":{"start":{"line":31,"column":0},"end":{"line":67,"column":2}},"18":{"start":{"line":34,"column":32},"end":{"line":66,"column":null}},"19":{"start":{"line":37,"column":12},"end":{"line":37,"column":15}},"20":{"start":{"line":41,"column":12},"end":{"line":41,"column":25}},"21":{"start":{"line":43,"column":16},"end":{"line":43,"column":55}},"22":{"start":{"line":44,"column":12},"end":{"line":50,"column":null}},"23":{"start":{"line":45,"column":20},"end":{"line":45,"column":45}},"24":{"start":{"line":46,"column":16},"end":{"line":46,"column":53}},"25":{"start":{"line":47,"column":16},"end":{"line":47,"column":50}},"26":{"start":{"line":48,"column":16},"end":{"line":48,"column":33}},"27":{"start":{"line":49,"column":16},"end":{"line":49,"column":31}},"28":{"start":{"line":52,"column":16},"end":{"line":52,"column":48}},"29":{"start":{"line":53,"column":16},"end":{"line":53,"column":73}},"30":{"start":{"line":54,"column":16},"end":{"line":54,"column":43}},"31":{"start":{"line":55,"column":16},"end":{"line":55,"column":43}},"32":{"start":{"line":56,"column":16},"end":{"line":56,"column":24}},"33":{"start":{"line":57,"column":16},"end":{"line":57,"column":29}},"34":{"start":{"line":59,"column":20},"end":{"line":59,"column":45}},"35":{"start":{"line":60,"column":16},"end":{"line":60,"column":53}},"36":{"start":{"line":61,"column":16},"end":{"line":61,"column":59}},"37":{"start":{"line":62,"column":16},"end":{"line":62,"column":33}},"38":{"start":{"line":63,"column":16},"end":{"line":63,"column":31}},"39":{"start":{"line":68,"column":0},"end":{"line":68,"column":20}},"40":{"start":{"line":69,"column":0},"end":{"line":69,"column":48}},"41":{"start":{"line":70,"column":0},"end":{"line":73,"column":3}},"42":{"start":{"line":75,"column":0},"end":{"line":75,"column":50}},"43":{"start":{"line":76,"column":0},"end":{"line":76,"column":54}},"44":{"start":{"line":77,"column":0},"end":{"line":77,"column":56}},"45":{"start":{"line":78,"column":0},"end":{"line":89,"column":2}},"46":{"start":{"line":81,"column":32},"end":{"line":88,"column":null}},"47":{"start":{"line":83,"column":12},"end":{"line":83,"column":15}},"48":{"start":{"line":84,"column":12},"end":{"line":84,"column":38}},"49":{"start":{"line":86,"column":12},"end":{"line":86,"column":25}},"50":{"start":{"line":90,"column":0},"end":{"line":90,"column":56}},"51":{"start":{"line":91,"column":15},"end":{"line":93,"column":2}},"52":{"start":{"line":92,"column":4},"end":{"line":92,"column":45}},"53":{"start":{"line":94,"column":0},"end":{"line":94,"column":22}}},"fnMap":{"0":{"name":"(anonymous_13)","decl":{"start":{"line":20,"column":4},"end":{"line":20,"column":null}},"loc":{"start":{"line":22,"column":32},"end":{"line":29,"column":null}}},"1":{"name":"(anonymous_14)","decl":{"start":{"line":22,"column":32},"end":{"line":22,"column":null}},"loc":{"start":{"line":22,"column":32},"end":{"line":29,"column":null}}},"2":{"name":"(anonymous_16)","decl":{"start":{"line":32,"column":4},"end":{"line":32,"column":null}},"loc":{"start":{"line":34,"column":32},"end":{"line":66,"column":null}}},"3":{"name":"(anonymous_17)","decl":{"start":{"line":34,"column":32},"end":{"line":34,"column":null}},"loc":{"start":{"line":34,"column":32},"end":{"line":66,"column":null}}},"4":{"name":"(anonymous_19)","decl":{"start":{"line":79,"column":4},"end":{"line":79,"column":null}},"loc":{"start":{"line":81,"column":32},"end":{"line":88,"column":null}}},"5":{"name":"(anonymous_20)","decl":{"start":{"line":81,"column":32},"end":{"line":81,"column":null}},"loc":{"start":{"line":81,"column":32},"end":{"line":88,"column":null}}},"6":{"name":"(anonymous_22)","decl":{"start":{"line":91,"column":48},"end":{"line":91,"column":null}},"loc":{"start":{"line":91,"column":48},"end":{"line":93,"column":1}}}},"branchMap":{"0":{"loc":{"start":{"line":37,"column":12},"end":{"line":37,"column":15}},"type":"if","locations":[{"start":{"line":37,"column":12},"end":{"line":37,"column":15}},{"start":{"line":37,"column":12},"end":{"line":37,"column":15}}]},"1":{"loc":{"start":{"line":37,"column":12},"end":{"line":37,"column":28}},"type":"binary-expr","locations":[{"start":{"line":37,"column":12},"end":{"line":37,"column":28}},{"start":{"line":38,"column":12},"end":{"line":38,"column":34}},{"start":{"line":39,"column":12},"end":{"line":39,"column":38}}]},"2":{"loc":{"start":{"line":44,"column":12},"end":{"line":50,"column":null}},"type":"if","locations":[{"start":{"line":44,"column":12},"end":{"line":50,"column":null}},{"start":{"line":44,"column":12},"end":{"line":50,"column":null}}]},"3":{"loc":{"start":{"line":56,"column":16},"end":{"line":56,"column":24}},"type":"if","locations":[{"start":{"line":56,"column":16},"end":{"line":56,"column":24}},{"start":{"line":56,"column":16},"end":{"line":56,"column":24}}]},"4":{"loc":{"start":{"line":56,"column":16},"end":{"line":56,"column":36}},"type":"binary-expr","locations":[{"start":{"line":56,"column":16},"end":{"line":56,"column":36}},{"start":{"line":56,"column":40},"end":{"line":56,"column":58}}]},"5":{"loc":{"start":{"line":86,"column":12},"end":{"line":86,"column":25}},"type":"switch","locations":[{"start":{"line":86,"column":12},"end":{"line":86,"column":25}}]},"6":{"loc":{"start":{"line":83,"column":12},"end":{"line":83,"column":15}},"type":"if","locations":[{"start":{"line":83,"column":12},"end":{"line":83,"column":15}},{"start":{"line":83,"column":12},"end":{"line":83,"column":15}}]}},"s":{"0":1,"1":1,"2":1,"3":1,"4":1,"5":1,"6":1,"7":1,"8":1,"9":1,"10":1,"11":1,"12":1,"13":1,"14":12,"15":24,"16":2,"17":1,"18":12,"19":22,"20":4,"21":10,"22":10,"23":1,"24":1,"25":1,"26":1,"27":1,"28":9,"29":9,"30":9,"31":9,"32":10,"33":16,"34":1,"35":1,"36":1,"37":1,"38":1,"39":1,"40":1,"41":1,"42":1,"43":1,"44":1,"45":1,"46":8,"47":15,"48":1,"49":14,"50":1,"51":1,"52":12,"53":1},"f":{"0":12,"1":12,"2":12,"3":12,"4":8,"5":8,"6":12},"b":{"0":[10,2],"1":[12,11,10],"2":[1,9],"3":[1,8],"4":[9,9],"5":[7],"6":[7,1]}}
,"/home/raramuri/Desktop/nodejs/typescriptRoutes/home.ts": {"path":"/home/raramuri/Desktop/nodejs/typescriptRoutes/home.ts","statementMap":{"0":{"start":{"line":2,"column":0},"end":{"line":2,"column":37}},"1":{"start":{"line":7,"column":0},"end":{"line":7,"column":null}},"2":{"start":{"line":10,"column":18},"end":{"line":14,"column":null}},"3":{"start":{"line":11,"column":8},"end":{"line":11,"column":62}},"4":{"start":{"line":11,"column":41},"end":{"line":11,"column":62}},"5":{"start":{"line":12,"column":8},"end":{"line":12,"column":35}},"6":{"start":{"line":13,"column":8},"end":{"line":13,"column":29}},"7":{"start":{"line":18,"column":4},"end":{"line":22,"column":null}},"8":{"start":{"line":19,"column":8},"end":{"line":21,"column":10}},"9":{"start":{"line":8,"column":18},"end":{"line":8,"column":57}},"10":{"start":{"line":23,"column":0},"end":{"line":23,"column":null}},"11":{"start":{"line":24,"column":15},"end":{"line":24,"column":27}},"12":{"start":{"line":26,"column":21},"end":{"line":26,"column":31}},"13":{"start":{"line":30,"column":71},"end":{"line":36,"column":2}},"14":{"start":{"line":38,"column":0},"end":{"line":38,"column":9}},"15":{"start":{"line":39,"column":4},"end":{"line":43,"column":6}},"16":{"start":{"line":39,"column":73},"end":{"line":43,"column":6}},"17":{"start":{"line":40,"column":25},"end":{"line":40,"column":null}},"18":{"start":{"line":40,"column":14},"end":{"line":40,"column":null}},"19":{"start":{"line":41,"column":8},"end":{"line":41,"column":25}},"20":{"start":{"line":42,"column":8},"end":{"line":42,"column":28}},"21":{"start":{"line":46,"column":0},"end":{"line":49,"column":null}},"22":{"start":{"line":46,"column":17},"end":{"line":46,"column":23}},"23":{"start":{"line":46,"column":13},"end":{"line":46,"column":17}},"24":{"start":{"line":47,"column":36},"end":{"line":47,"column":41}},"25":{"start":{"line":48,"column":4},"end":{"line":48,"column":56}},"26":{"start":{"line":50,"column":0},"end":{"line":50,"column":22}}},"fnMap":{"0":{"name":"(anonymous_13)","decl":{"start":{"line":7,"column":0},"end":{"line":7,"column":null}},"loc":{"start":{"line":7,"column":0},"end":{"line":7,"column":null}}},"1":{"name":"Home","decl":{"start":{"line":16,"column":4},"end":{"line":16,"column":19}},"loc":{"start":{"line":16,"column":4},"end":{"line":16,"column":20}}},"2":{"name":"(anonymous_15)","decl":{"start":{"line":10,"column":4},"end":{"line":10,"column":18}},"loc":{"start":{"line":10,"column":4},"end":{"line":14,"column":5}}},"3":{"name":"(anonymous_16)","decl":{"start":{"line":18,"column":4},"end":{"line":18,"column":12}},"loc":{"start":{"line":18,"column":4},"end":{"line":22,"column":5}}},"4":{"name":"routerHandler","decl":{"start":{"line":38,"column":9},"end":{"line":38,"column":22}},"loc":{"start":{"line":38,"column":38},"end":{"line":44,"column":1}}},"5":{"name":"(anonymous_18)","decl":{"start":{"line":39,"column":11},"end":{"line":39,"column":18}},"loc":{"start":{"line":39,"column":73},"end":{"line":43,"column":6}}},"6":{"name":"(anonymous_19)","decl":{"start":{"line":39,"column":73},"end":{"line":39,"column":null}},"loc":{"start":{"line":39,"column":73},"end":{"line":43,"column":6}}}},"branchMap":{"0":{"loc":{"start":{"line":11,"column":8},"end":{"line":11,"column":62}},"type":"if","locations":[{"start":{"line":11,"column":8},"end":{"line":11,"column":62}},{"start":{"line":11,"column":8},"end":{"line":11,"column":62}}]},"1":{"loc":{"start":{"line":40,"column":25},"end":{"line":40,"column":null}},"type":"switch","locations":[{"start":{"line":40,"column":25},"end":{"line":40,"column":null}}]}},"s":{"0":1,"1":1,"2":1,"3":0,"4":0,"5":0,"6":0,"7":1,"8":1,"9":1,"10":1,"11":1,"12":1,"13":1,"14":1,"15":1,"16":1,"17":1,"18":1,"19":1,"20":1,"21":1,"22":2,"23":1,"24":3,"25":1,"26":1},"f":{"0":1,"1":1,"2":0,"3":1,"4":1,"5":1,"6":1},"b":{"0":[0,0],"1":[1]}}
,"/home/raramuri/Desktop/nodejs/typescriptRoutes/signUp.ts": {"path":"/home/raramuri/Desktop/nodejs/typescriptRoutes/signUp.ts","statementMap":{"0":{"start":{"line":2,"column":0},"end":{"line":2,"column":37}},"1":{"start":{"line":8,"column":0},"end":{"line":8,"column":null}},"2":{"start":{"line":11,"column":18},"end":{"line":15,"column":null}},"3":{"start":{"line":12,"column":8},"end":{"line":12,"column":62}},"4":{"start":{"line":12,"column":41},"end":{"line":12,"column":62}},"5":{"start":{"line":13,"column":8},"end":{"line":13,"column":37}},"6":{"start":{"line":14,"column":8},"end":{"line":14,"column":29}},"7":{"start":{"line":18,"column":4},"end":{"line":20,"column":null}},"8":{"start":{"line":19,"column":8},"end":{"line":19,"column":38}},"9":{"start":{"line":9,"column":18},"end":{"line":9,"column":59}},"10":{"start":{"line":21,"column":0},"end":{"line":21,"column":null}},"11":{"start":{"line":23,"column":15},"end":{"line":23,"column":27}},"12":{"start":{"line":25,"column":23},"end":{"line":25,"column":35}},"13":{"start":{"line":29,"column":71},"end":{"line":35,"column":2}},"14":{"start":{"line":37,"column":0},"end":{"line":37,"column":9}},"15":{"start":{"line":38,"column":4},"end":{"line":42,"column":6}},"16":{"start":{"line":38,"column":73},"end":{"line":42,"column":6}},"17":{"start":{"line":39,"column":25},"end":{"line":39,"column":null}},"18":{"start":{"line":39,"column":14},"end":{"line":39,"column":null}},"19":{"start":{"line":40,"column":8},"end":{"line":40,"column":25}},"20":{"start":{"line":41,"column":8},"end":{"line":41,"column":28}},"21":{"start":{"line":44,"column":0},"end":{"line":47,"column":null}},"22":{"start":{"line":44,"column":17},"end":{"line":44,"column":23}},"23":{"start":{"line":44,"column":13},"end":{"line":44,"column":17}},"24":{"start":{"line":45,"column":36},"end":{"line":45,"column":41}},"25":{"start":{"line":46,"column":4},"end":{"line":46,"column":56}},"26":{"start":{"line":48,"column":0},"end":{"line":48,"column":22}}},"fnMap":{"0":{"name":"(anonymous_13)","decl":{"start":{"line":8,"column":0},"end":{"line":8,"column":null}},"loc":{"start":{"line":8,"column":0},"end":{"line":8,"column":null}}},"1":{"name":"SignUp","decl":{"start":{"line":16,"column":4},"end":{"line":16,"column":19}},"loc":{"start":{"line":16,"column":4},"end":{"line":16,"column":20}}},"2":{"name":"(anonymous_15)","decl":{"start":{"line":11,"column":4},"end":{"line":11,"column":18}},"loc":{"start":{"line":11,"column":4},"end":{"line":15,"column":5}}},"3":{"name":"(anonymous_16)","decl":{"start":{"line":18,"column":4},"end":{"line":18,"column":14}},"loc":{"start":{"line":18,"column":4},"end":{"line":20,"column":5}}},"4":{"name":"routerHandler","decl":{"start":{"line":37,"column":9},"end":{"line":37,"column":22}},"loc":{"start":{"line":37,"column":38},"end":{"line":43,"column":1}}},"5":{"name":"(anonymous_18)","decl":{"start":{"line":38,"column":11},"end":{"line":38,"column":18}},"loc":{"start":{"line":38,"column":73},"end":{"line":42,"column":6}}},"6":{"name":"(anonymous_19)","decl":{"start":{"line":38,"column":73},"end":{"line":38,"column":null}},"loc":{"start":{"line":38,"column":73},"end":{"line":42,"column":6}}}},"branchMap":{"0":{"loc":{"start":{"line":12,"column":8},"end":{"line":12,"column":62}},"type":"if","locations":[{"start":{"line":12,"column":8},"end":{"line":12,"column":62}},{"start":{"line":12,"column":8},"end":{"line":12,"column":62}}]},"1":{"loc":{"start":{"line":39,"column":25},"end":{"line":39,"column":null}},"type":"switch","locations":[{"start":{"line":39,"column":25},"end":{"line":39,"column":null}}]}},"s":{"0":1,"1":1,"2":1,"3":0,"4":0,"5":0,"6":0,"7":1,"8":1,"9":1,"10":1,"11":1,"12":1,"13":1,"14":1,"15":1,"16":1,"17":1,"18":1,"19":1,"20":1,"21":1,"22":2,"23":1,"24":3,"25":1,"26":1},"f":{"0":1,"1":1,"2":0,"3":1,"4":1,"5":1,"6":1},"b":{"0":[0,0],"1":[1]}}
,"/home/raramuri/Desktop/nodejs/typescriptRoutes/task1.ts": {"path":"/home/raramuri/Desktop/nodejs/typescriptRoutes/task1.ts","statementMap":{"0":{"start":{"line":2,"column":0},"end":{"line":2,"column":37}},"1":{"start":{"line":15,"column":0},"end":{"line":15,"column":null}},"2":{"start":{"line":17,"column":18},"end":{"line":21,"column":null}},"3":{"start":{"line":18,"column":8},"end":{"line":18,"column":62}},"4":{"start":{"line":18,"column":41},"end":{"line":18,"column":62}},"5":{"start":{"line":19,"column":8},"end":{"line":19,"column":38}},"6":{"start":{"line":20,"column":8},"end":{"line":20,"column":29}},"7":{"start":{"line":24,"column":4},"end":{"line":26,"column":null}},"8":{"start":{"line":25,"column":8},"end":{"line":25,"column":23}},"9":{"start":{"line":27,"column":4},"end":{"line":29,"column":null}},"10":{"start":{"line":28,"column":8},"end":{"line":28,"column":32}},"11":{"start":{"line":30,"column":4},"end":{"line":32,"column":null}},"12":{"start":{"line":31,"column":8},"end":{"line":31,"column":39}},"13":{"start":{"line":33,"column":4},"end":{"line":40,"column":null}},"14":{"start":{"line":34,"column":8},"end":{"line":39,"column":10}},"15":{"start":{"line":16,"column":18},"end":{"line":16,"column":60}},"16":{"start":{"line":41,"column":0},"end":{"line":41,"column":null}},"17":{"start":{"line":43,"column":15},"end":{"line":43,"column":27}},"18":{"start":{"line":44,"column":24},"end":{"line":44,"column":37}},"19":{"start":{"line":47,"column":71},"end":{"line":68,"column":2}},"20":{"start":{"line":69,"column":0},"end":{"line":69,"column":9}},"21":{"start":{"line":70,"column":4},"end":{"line":83,"column":6}},"22":{"start":{"line":72,"column":32},"end":{"line":83,"column":6}},"23":{"start":{"line":75,"column":12},"end":{"line":75,"column":25}},"24":{"start":{"line":76,"column":29},"end":{"line":76,"column":null}},"25":{"start":{"line":76,"column":18},"end":{"line":76,"column":null}},"26":{"start":{"line":77,"column":12},"end":{"line":77,"column":29}},"27":{"start":{"line":78,"column":12},"end":{"line":78,"column":32}},"28":{"start":{"line":80,"column":29},"end":{"line":80,"column":null}},"29":{"start":{"line":80,"column":18},"end":{"line":80,"column":null}},"30":{"start":{"line":81,"column":12},"end":{"line":81,"column":32}},"31":{"start":{"line":85,"column":0},"end":{"line":88,"column":null}},"32":{"start":{"line":85,"column":17},"end":{"line":85,"column":23}},"33":{"start":{"line":85,"column":13},"end":{"line":85,"column":17}},"34":{"start":{"line":86,"column":36},"end":{"line":86,"column":41}},"35":{"start":{"line":87,"column":4},"end":{"line":87,"column":56}},"36":{"start":{"line":89,"column":0},"end":{"line":89,"column":22}}},"fnMap":{"0":{"name":"(anonymous_13)","decl":{"start":{"line":15,"column":0},"end":{"line":15,"column":null}},"loc":{"start":{"line":15,"column":0},"end":{"line":15,"column":null}}},"1":{"name":"TaskOne","decl":{"start":{"line":22,"column":4},"end":{"line":22,"column":19}},"loc":{"start":{"line":22,"column":4},"end":{"line":22,"column":20}}},"2":{"name":"(anonymous_15)","decl":{"start":{"line":17,"column":4},"end":{"line":17,"column":18}},"loc":{"start":{"line":17,"column":4},"end":{"line":21,"column":5}}},"3":{"name":"(anonymous_16)","decl":{"start":{"line":24,"column":4},"end":{"line":24,"column":12}},"loc":{"start":{"line":24,"column":4},"end":{"line":26,"column":5}}},"4":{"name":"(anonymous_17)","decl":{"start":{"line":27,"column":4},"end":{"line":27,"column":16}},"loc":{"start":{"line":27,"column":72},"end":{"line":29,"column":5}}},"5":{"name":"(anonymous_18)","decl":{"start":{"line":30,"column":4},"end":{"line":30,"column":17}},"loc":{"start":{"line":30,"column":73},"end":{"line":32,"column":5}}},"6":{"name":"(anonymous_19)","decl":{"start":{"line":33,"column":4},"end":{"line":33,"column":12}},"loc":{"start":{"line":33,"column":4},"end":{"line":40,"column":5}}},"7":{"name":"routerHandler","decl":{"start":{"line":69,"column":9},"end":{"line":69,"column":22}},"loc":{"start":{"line":69,"column":38},"end":{"line":84,"column":1}}},"8":{"name":"(anonymous_21)","decl":{"start":{"line":70,"column":11},"end":{"line":70,"column":null}},"loc":{"start":{"line":72,"column":32},"end":{"line":83,"column":6}}},"9":{"name":"(anonymous_22)","decl":{"start":{"line":72,"column":32},"end":{"line":72,"column":null}},"loc":{"start":{"line":72,"column":32},"end":{"line":83,"column":6}}}},"branchMap":{"0":{"loc":{"start":{"line":18,"column":8},"end":{"line":18,"column":62}},"type":"if","locations":[{"start":{"line":18,"column":8},"end":{"line":18,"column":62}},{"start":{"line":18,"column":8},"end":{"line":18,"column":62}}]}},"s":{"0":1,"1":1,"2":1,"3":0,"4":0,"5":0,"6":0,"7":1,"8":1,"9":1,"10":1,"11":1,"12":1,"13":1,"14":1,"15":1,"16":1,"17":1,"18":1,"19":1,"20":4,"21":4,"22":4,"23":8,"24":3,"25":3,"26":3,"27":3,"28":1,"29":1,"30":1,"31":1,"32":2,"33":4,"34":12,"35":4,"36":1},"f":{"0":1,"1":1,"2":0,"3":1,"4":1,"5":1,"6":1,"7":4,"8":4,"9":4},"b":{"0":[0,0]}}
,"/home/raramuri/Desktop/nodejs/typescriptRoutes/todoApp.ts": {"path":"/home/raramuri/Desktop/nodejs/typescriptRoutes/todoApp.ts","statementMap":{"0":{"start":{"line":2,"column":0},"end":{"line":2,"column":37}},"1":{"start":{"line":15,"column":48},"end":{"line":15,"column":50}},"2":{"start":{"line":17,"column":0},"end":{"line":17,"column":null}},"3":{"start":{"line":19,"column":18},"end":{"line":23,"column":null}},"4":{"start":{"line":20,"column":8},"end":{"line":20,"column":62}},"5":{"start":{"line":20,"column":41},"end":{"line":20,"column":62}},"6":{"start":{"line":21,"column":8},"end":{"line":21,"column":38}},"7":{"start":{"line":22,"column":8},"end":{"line":22,"column":29}},"8":{"start":{"line":26,"column":10},"end":{"line":30,"column":null}},"9":{"start":{"line":27,"column":15},"end":{"line":29,"column":11}},"10":{"start":{"line":27,"column":8},"end":{"line":29,"column":11}},"11":{"start":{"line":31,"column":4},"end":{"line":41,"column":null}},"12":{"start":{"line":32,"column":29},"end":{"line":32,"column":49}},"13":{"start":{"line":33,"column":27},"end":{"line":33,"column":37}},"14":{"start":{"line":34,"column":25},"end":{"line":37,"column":10}},"15":{"start":{"line":38,"column":8},"end":{"line":40,"column":null}},"16":{"start":{"line":39,"column":12},"end":{"line":39,"column":32}},"17":{"start":{"line":42,"column":4},"end":{"line":45,"column":null}},"18":{"start":{"line":43,"column":24},"end":{"line":43,"column":44}},"19":{"start":{"line":44,"column":8},"end":{"line":44,"column":63}},"20":{"start":{"line":44,"column":37},"end":{"line":44,"column":62}},"21":{"start":{"line":18,"column":18},"end":{"line":18,"column":60}},"22":{"start":{"line":46,"column":0},"end":{"line":46,"column":null}},"23":{"start":{"line":47,"column":15},"end":{"line":47,"column":27}},"24":{"start":{"line":49,"column":24},"end":{"line":49,"column":37}},"25":{"start":{"line":52,"column":71},"end":{"line":68,"column":2}},"26":{"start":{"line":69,"column":0},"end":{"line":69,"column":9}},"27":{"start":{"line":70,"column":4},"end":{"line":81,"column":6}},"28":{"start":{"line":70,"column":73},"end":{"line":81,"column":6}},"29":{"start":{"line":71,"column":25},"end":{"line":71,"column":null}},"30":{"start":{"line":71,"column":14},"end":{"line":71,"column":null}},"31":{"start":{"line":72,"column":8},"end":{"line":72,"column":25}},"32":{"start":{"line":73,"column":8},"end":{"line":80,"column":null}},"33":{"start":{"line":77,"column":12},"end":{"line":77,"column":34}},"34":{"start":{"line":79,"column":12},"end":{"line":79,"column":28}},"35":{"start":{"line":83,"column":0},"end":{"line":86,"column":null}},"36":{"start":{"line":83,"column":17},"end":{"line":83,"column":23}},"37":{"start":{"line":83,"column":13},"end":{"line":83,"column":17}},"38":{"start":{"line":84,"column":36},"end":{"line":84,"column":41}},"39":{"start":{"line":85,"column":4},"end":{"line":85,"column":56}},"40":{"start":{"line":87,"column":0},"end":{"line":87,"column":22}}},"fnMap":{"0":{"name":"(anonymous_13)","decl":{"start":{"line":17,"column":0},"end":{"line":17,"column":null}},"loc":{"start":{"line":17,"column":0},"end":{"line":17,"column":null}}},"1":{"name":"TodoApp","decl":{"start":{"line":25,"column":4},"end":{"line":25,"column":19}},"loc":{"start":{"line":25,"column":4},"end":{"line":25,"column":20}}},"2":{"name":"(anonymous_15)","decl":{"start":{"line":19,"column":4},"end":{"line":19,"column":18}},"loc":{"start":{"line":19,"column":4},"end":{"line":23,"column":5}}},"3":{"name":"(anonymous_16)","decl":{"start":{"line":26,"column":4},"end":{"line":26,"column":10}},"loc":{"start":{"line":26,"column":77},"end":{"line":30,"column":null}}},"4":{"name":"(anonymous_19)","decl":{"start":{"line":31,"column":4},"end":{"line":31,"column":16}},"loc":{"start":{"line":31,"column":72},"end":{"line":41,"column":5}}},"5":{"name":"(anonymous_20)","decl":{"start":{"line":42,"column":4},"end":{"line":42,"column":18}},"loc":{"start":{"line":42,"column":74},"end":{"line":45,"column":5}}},"6":{"name":"(anonymous_21)","decl":{"start":{"line":44,"column":27},"end":{"line":44,"column":28}},"loc":{"start":{"line":44,"column":32},"end":{"line":44,"column":41}}},"7":{"name":"routerHandler","decl":{"start":{"line":69,"column":9},"end":{"line":69,"column":22}},"loc":{"start":{"line":69,"column":38},"end":{"line":82,"column":1}}},"8":{"name":"(anonymous_23)","decl":{"start":{"line":70,"column":11},"end":{"line":70,"column":18}},"loc":{"start":{"line":70,"column":73},"end":{"line":81,"column":6}}},"9":{"name":"(anonymous_24)","decl":{"start":{"line":70,"column":73},"end":{"line":70,"column":null}},"loc":{"start":{"line":70,"column":73},"end":{"line":81,"column":6}}}},"branchMap":{"0":{"loc":{"start":{"line":20,"column":8},"end":{"line":20,"column":62}},"type":"if","locations":[{"start":{"line":20,"column":8},"end":{"line":20,"column":62}},{"start":{"line":20,"column":8},"end":{"line":20,"column":62}}]},"1":{"loc":{"start":{"line":27,"column":15},"end":{"line":29,"column":11}},"type":"switch","locations":[{"start":{"line":27,"column":15},"end":{"line":29,"column":11}},{"start":{"line":27,"column":8},"end":{"line":29,"column":11}}]},"2":{"loc":{"start":{"line":38,"column":8},"end":{"line":40,"column":null}},"type":"if","locations":[{"start":{"line":38,"column":8},"end":{"line":40,"column":null}},{"start":{"line":38,"column":8},"end":{"line":40,"column":null}}]},"3":{"loc":{"start":{"line":71,"column":25},"end":{"line":71,"column":null}},"type":"switch","locations":[{"start":{"line":71,"column":25},"end":{"line":71,"column":null}}]},"4":{"loc":{"start":{"line":73,"column":8},"end":{"line":80,"column":null}},"type":"if","locations":[{"start":{"line":73,"column":8},"end":{"line":80,"column":null}},{"start":{"line":73,"column":8},"end":{"line":80,"column":null}}]},"5":{"loc":{"start":{"line":74,"column":12},"end":{"line":74,"column":39}},"type":"binary-expr","locations":[{"start":{"line":74,"column":12},"end":{"line":74,"column":39}},{"start":{"line":75,"column":13},"end":{"line":75,"column":33}},{"start":{"line":75,"column":37},"end":{"line":75,"column":58}}]}},"s":{"0":1,"1":1,"2":1,"3":1,"4":0,"5":0,"6":0,"7":0,"8":1,"9":1,"10":1,"11":1,"12":2,"13":2,"14":2,"15":2,"16":1,"17":1,"18":1,"19":1,"20":1,"21":1,"22":1,"23":1,"24":1,"25":1,"26":3,"27":3,"28":4,"29":4,"30":4,"31":4,"32":4,"33":3,"34":1,"35":1,"36":2,"37":3,"38":9,"39":3,"40":1},"f":{"0":1,"1":1,"2":0,"3":1,"4":2,"5":1,"6":1,"7":3,"8":4,"9":4},"b":{"0":[0,0],"1":[1,1],"2":[1,1],"3":[4],"4":[3,1],"5":[4,3,3]}}
}
