TN:
SF:app.ts
FN:22,(anonymous_13)
FN:24,(anonymous_14)
FN:36,(anonymous_16)
FN:38,(anonymous_17)
FN:92,(anonymous_19)
FN:94,(anonymous_20)
FN:104,(anonymous_22)
FNF:7
FNH:7
FNDA:12,(anonymous_13)
FNDA:12,(anonymous_14)
FNDA:12,(anonymous_16)
FNDA:12,(anonymous_17)
FNDA:10,(anonymous_19)
FNDA:10,(anonymous_20)
FNDA:12,(anonymous_22)
DA:1,1
DA:2,1
DA:3,1
DA:5,1
DA:6,1
DA:7,1
DA:8,1
DA:9,1
DA:10,1
DA:11,1
DA:12,1
DA:13,1
DA:19,1
DA:20,1
DA:21,1
DA:24,12
DA:27,24
DA:29,2
DA:30,2
DA:34,1
DA:35,1
DA:38,12
DA:41,22
DA:45,4
DA:47,10
DA:48,10
DA:49,1
DA:50,1
DA:51,1
DA:52,1
DA:53,1
DA:57,1
DA:60,9
DA:61,9
DA:62,9
DA:63,9
DA:64,10
DA:65,16
DA:67,1
DA:68,1
DA:69,1
DA:70,1
DA:71,1
DA:76,1
DA:81,1
DA:82,1
DA:83,1
DA:88,1
DA:89,1
DA:90,1
DA:91,1
DA:94,10
DA:96,19
DA:97,1
DA:99,18
DA:103,1
DA:104,1
DA:105,12
DA:107,1
LF:59
LH:59
BRDA:41,0,0,10
BRDA:41,0,1,2
BRDA:41,1,0,12
BRDA:41,1,1,11
BRDA:41,1,2,10
BRDA:48,2,0,1
BRDA:48,2,1,9
BRDA:64,3,0,1
BRDA:64,3,1,8
BRDA:64,4,0,9
BRDA:64,4,1,9
BRDA:99,5,0,9
BRDA:96,6,0,9
BRDA:96,6,1,1
BRF:14
BRH:14
end_of_record
TN:
SF:config/winston.ts
FN:4,(anonymous_14)
FN:24,(anonymous_15)
FN:34,WinstonLogger
FN:47,(anonymous_17)
FN:28,(anonymous_18)
FN:55,(anonymous_19)
FN:57,(anonymous_20)
FNF:7
FNH:6
FNDA:1,(anonymous_14)
FNDA:1,(anonymous_15)
FNDA:1,WinstonLogger
FNDA:12,(anonymous_17)
FNDA:0,(anonymous_18)
FNDA:12,(anonymous_19)
FNDA:12,(anonymous_20)
DA:1,1
DA:4,1
DA:5,1
DA:6,1
DA:7,1
DA:8,1
DA:9,1
DA:24,1
DA:27,1
DA:28,1
DA:29,0
DA:30,0
DA:31,0
DA:34,1
DA:35,1
DA:47,1
DA:48,12
DA:49,12
DA:51,1
DA:53,1
DA:55,1
DA:57,12
DA:60,12
DA:61,24
DA:62,10
DA:63,10
DA:64,10
DA:73,2
DA:74,2
DA:75,2
DA:76,2
DA:84,2
DA:88,1
LF:33
LH:30
BRDA:4,0,0,1
BRDA:4,0,1,1
BRDA:29,1,0,0
BRDA:29,1,1,0
BRF:4
BRH:2
end_of_record
TN:
SF:typescriptRoutes/home.ts
FN:7,(anonymous_0)
FN:16,Home
FN:18,(anonymous_2)
FN:10,(anonymous_3)
FNF:4
FNH:3
FNDA:1,(anonymous_0)
FNDA:1,Home
FNDA:1,(anonymous_2)
FNDA:0,(anonymous_3)
DA:1,1
DA:2,1
DA:7,1
DA:8,1
DA:10,1
DA:11,0
DA:12,0
DA:13,0
DA:18,1
DA:19,1
DA:23,1
DA:24,1
DA:26,1
DA:30,1
DA:37,2
DA:38,3
DA:39,1
DA:41,1
LF:18
LH:15
BRDA:11,0,0,0
BRDA:11,0,1,0
BRF:2
BRH:0
end_of_record
TN:
SF:typescriptRoutes/routerHandler.ts
FN:3,routerHandler
FN:4,(anonymous_14)
FN:6,(anonymous_15)
FNF:3
FNH:3
FNDA:9,routerHandler
FNDA:10,(anonymous_14)
FNDA:10,(anonymous_15)
DA:3,9
DA:4,9
DA:6,10
DA:9,20
DA:10,9
DA:11,9
DA:12,9
DA:16,3
DA:17,6
DA:18,1
DA:20,5
DA:23,1
DA:24,1
DA:28,1
LF:14
LH:14
BRDA:12,0,0,3
BRDA:12,0,1,6
BRDA:13,1,0,9
BRDA:13,1,1,8
BRDA:13,1,2,3
BRDA:17,2,0,1
BRDA:17,2,1,5
BRDA:17,3,0,6
BRDA:17,3,1,1
BRF:9
BRH:9
end_of_record
TN:
SF:typescriptRoutes/signUp.ts
FN:8,(anonymous_0)
FN:16,SignUp
FN:18,(anonymous_2)
FN:11,(anonymous_3)
FNF:4
FNH:3
FNDA:1,(anonymous_0)
FNDA:1,SignUp
FNDA:1,(anonymous_2)
FNDA:0,(anonymous_3)
DA:1,1
DA:2,1
DA:8,1
DA:9,1
DA:11,1
DA:12,0
DA:13,0
DA:14,0
DA:18,1
DA:19,1
DA:21,1
DA:23,1
DA:25,1
DA:29,1
DA:36,2
DA:37,3
DA:38,1
DA:40,1
LF:18
LH:15
BRDA:12,0,0,0
BRDA:12,0,1,0
BRF:2
BRH:0
end_of_record
TN:
SF:typescriptRoutes/task1.ts
FN:16,(anonymous_0)
FN:23,TaskOne
FN:25,(anonymous_2)
FN:28,(anonymous_3)
FN:33,(anonymous_4)
FN:38,(anonymous_5)
FN:18,(anonymous_6)
FNF:7
FNH:6
FNDA:1,(anonymous_0)
FNDA:1,TaskOne
FNDA:1,(anonymous_2)
FNDA:1,(anonymous_3)
FNDA:1,(anonymous_4)
FNDA:1,(anonymous_5)
FNDA:0,(anonymous_6)
DA:2,1
DA:3,1
DA:16,1
DA:17,1
DA:18,1
DA:19,0
DA:20,0
DA:21,0
DA:25,1
DA:26,1
DA:28,1
DA:31,1
DA:33,1
DA:36,1
DA:38,1
DA:39,1
DA:46,1
DA:48,1
DA:49,1
DA:52,1
DA:74,4
DA:75,12
DA:76,4
DA:78,1
LF:24
LH:21
BRDA:19,0,0,0
BRDA:19,0,1,0
BRF:2
BRH:0
end_of_record
TN:
SF:typescriptRoutes/todoApp.ts
FN:17,(anonymous_13)
FN:25,TodoApp
FN:26,(anonymous_15)
FN:27,(anonymous_16)
FN:33,(anonymous_18)
FN:46,(anonymous_19)
FN:50,(anonymous_20)
FN:19,(anonymous_21)
FNF:8
FNH:7
FNDA:1,(anonymous_13)
FNDA:1,TodoApp
FNDA:1,(anonymous_15)
FNDA:1,(anonymous_16)
FNDA:2,(anonymous_18)
FNDA:1,(anonymous_19)
FNDA:1,(anonymous_20)
FNDA:0,(anonymous_21)
DA:2,1
DA:3,1
DA:15,1
DA:17,1
DA:18,1
DA:19,1
DA:20,0
DA:21,0
DA:22,0
DA:25,1
DA:26,1
DA:27,1
DA:29,1
DA:33,1
DA:36,2
DA:37,2
DA:38,2
DA:42,2
DA:43,1
DA:46,1
DA:49,1
DA:50,1
DA:52,1
DA:53,1
DA:55,1
DA:58,1
DA:75,3
DA:76,9
DA:77,3
DA:79,1
LF:30
LH:27
BRDA:29,0,0,1
BRDA:29,0,1,1
BRDA:42,1,0,1
BRDA:42,1,1,1
BRDA:20,2,0,0
BRDA:20,2,1,0
BRF:6
BRH:4
end_of_record
