TN:
SF:app.ts
FN:20,(anonymous_13)
FN:22,(anonymous_14)
FN:32,(anonymous_16)
FN:34,(anonymous_17)
FN:75,(anonymous_19)
FN:77,(anonymous_20)
FN:87,(anonymous_22)
FNF:7
FNH:7
FNDA:12,(anonymous_13)
FNDA:12,(anonymous_14)
FNDA:12,(anonymous_16)
FNDA:12,(anonymous_17)
FNDA:5,(anonymous_19)
FNDA:5,(anonymous_20)
FNDA:12,(anonymous_22)
DA:1,1
DA:2,1
DA:4,1
DA:5,1
DA:6,1
DA:7,1
DA:8,1
DA:9,1
DA:10,1
DA:11,1
DA:12,1
DA:17,1
DA:18,1
DA:19,1
DA:22,12
DA:25,24
DA:27,2
DA:31,1
DA:34,12
DA:36,22
DA:37,4
DA:39,10
DA:40,10
DA:41,1
DA:42,1
DA:43,1
DA:44,1
DA:45,1
DA:48,9
DA:49,9
DA:50,9
DA:51,9
DA:52,10
DA:53,16
DA:55,1
DA:56,1
DA:57,1
DA:58,1
DA:59,1
DA:64,1
DA:65,1
DA:66,1
DA:71,1
DA:72,1
DA:73,1
DA:74,1
DA:77,5
DA:79,9
DA:80,1
DA:82,8
DA:86,1
DA:87,1
DA:88,12
DA:90,1
LF:54
LH:54
BRDA:36,0,0,10
BRDA:36,0,1,2
BRDA:36,1,0,12
BRDA:36,1,1,11
BRDA:40,2,0,1
BRDA:40,2,1,9
BRDA:52,3,0,1
BRDA:52,3,1,8
BRDA:52,4,0,9
BRDA:52,4,1,9
BRDA:82,5,0,4
BRDA:79,6,0,4
BRDA:79,6,1,1
BRF:13
BRH:13
end_of_record
TN:
SF:typescriptRoutes/home.ts
FN:8,(anonymous_13)
FN:8,(anonymous_14)
FNF:2
FNH:2
FNDA:1,(anonymous_13)
FNDA:1,(anonymous_14)
DA:2,2
DA:4,2
DA:6,2
DA:8,1
DA:9,1
DA:12,2
LF:6
LH:6
BRF:0
BRH:0
end_of_record
TN:
SF:typescriptRoutes/signUp.ts
FN:7,(anonymous_13)
FN:7,(anonymous_14)
FNF:2
FNH:2
FNDA:1,(anonymous_13)
FNDA:1,(anonymous_14)
DA:2,1
DA:4,1
DA:5,1
DA:7,1
DA:8,1
DA:12,1
LF:6
LH:6
BRF:0
BRH:0
end_of_record
TN:
SF:typescriptRoutes/task1.ts
FN:8,(anonymous_13)
FN:14,(anonymous_14)
FN:20,(anonymous_15)
FN:26,(anonymous_16)
FN:28,(anonymous_17)
FNF:5
FNH:5
FNDA:1,(anonymous_13)
FNDA:1,(anonymous_14)
FNDA:1,(anonymous_15)
FNDA:1,(anonymous_16)
FNDA:1,(anonymous_17)
DA:2,1
DA:4,1
DA:6,1
DA:9,1
DA:12,1
DA:15,1
DA:18,1
DA:21,1
DA:24,1
DA:28,1
DA:31,2
DA:33,1
DA:42,1
LF:13
LH:13
BRF:0
BRH:0
end_of_record
TN:
SF:typescriptRoutes/todoApp.ts
FN:9,(anonymous_13)
FN:9,(anonymous_14)
FN:17,(anonymous_16)
FN:17,(anonymous_17)
FN:32,(anonymous_19)
FN:32,(anonymous_20)
FN:34,(anonymous_22)
FNF:7
FNH:7
FNDA:1,(anonymous_13)
FNDA:1,(anonymous_14)
FNDA:2,(anonymous_16)
FNDA:2,(anonymous_17)
FNDA:1,(anonymous_19)
FNDA:1,(anonymous_20)
FNDA:1,(anonymous_22)
DA:2,1
DA:4,1
DA:5,1
DA:7,1
DA:9,1
DA:10,2
DA:15,1
DA:17,2
DA:18,2
DA:19,2
DA:20,2
DA:24,2
DA:25,1
DA:27,2
DA:30,1
DA:32,1
DA:33,1
DA:34,1
DA:35,1
DA:39,1
LF:20
LH:20
BRDA:10,0,0,1
BRDA:24,1,0,1
BRDA:24,1,1,1
BRF:3
BRH:3
end_of_record
